Log at : 2020/11/7|20:13:27|GMT+0800

TypeError: Cannot read property 'C51' of undefined
    at b.getIncString (c:\Users\SU\.vscode\extensions\cl.keil-assistant-1.6.2\dist\extension.js:1:13625)
    at b.<anonymous> (c:\Users\SU\.vscode\extensions\cl.keil-assistant-1.6.2\dist\extension.js:1:10429)
    at Generator.next (<anonymous>)
    at c:\Users\SU\.vscode\extensions\cl.keil-assistant-1.6.2\dist\extension.js:1:4542
    at new Promise (<anonymous>)
    at r (c:\Users\SU\.vscode\extensions\cl.keil-assistant-1.6.2\dist\extension.js:1:4287)
    at b.load (c:\Users\SU\.vscode\extensions\cl.keil-assistant-1.6.2\dist\extension.js:1:10382)
    at x.<anonymous> (c:\Users\SU\.vscode\extensions\cl.keil-assistant-1.6.2\dist\extension.js:1:8182)
    at Generator.next (<anonymous>)
    at a (c:\Users\SU\.vscode\extensions\cl.keil-assistant-1.6.2\dist\extension.js:1:4344)
    at processTicksAndRejections (internal/process/task_queues.js:94:5)
[Project Close]: 405mp3
Log at : 2020/11/7|20:13:47|GMT+0800

TypeError: Cannot read property 'C51' of undefined
    at b.getIncString (c:\Users\SU\.vscode\extensions\cl.keil-assistant-1.6.2\dist\extension.js:1:13625)
    at b.<anonymous> (c:\Users\SU\.vscode\extensions\cl.keil-assistant-1.6.2\dist\extension.js:1:10429)
    at Generator.next (<anonymous>)
    at c:\Users\SU\.vscode\extensions\cl.keil-assistant-1.6.2\dist\extension.js:1:4542
    at new Promise (<anonymous>)
    at r (c:\Users\SU\.vscode\extensions\cl.keil-assistant-1.6.2\dist\extension.js:1:4287)
    at b.load (c:\Users\SU\.vscode\extensions\cl.keil-assistant-1.6.2\dist\extension.js:1:10382)
    at x.<anonymous> (c:\Users\SU\.vscode\extensions\cl.keil-assistant-1.6.2\dist\extension.js:1:8182)
    at Generator.next (<anonymous>)
    at a (c:\Users\SU\.vscode\extensions\cl.keil-assistant-1.6.2\dist\extension.js:1:4344)
    at processTicksAndRejections (internal/process/task_queues.js:94:5)
Log at : 2020/11/7|20:14:06|GMT+0800

TypeError: Cannot read property 'C51' of undefined
    at b.getIncString (c:\Users\SU\.vscode\extensions\cl.keil-assistant-1.6.2\dist\extension.js:1:13625)
    at b.<anonymous> (c:\Users\SU\.vscode\extensions\cl.keil-assistant-1.6.2\dist\extension.js:1:10429)
    at Generator.next (<anonymous>)
    at c:\Users\SU\.vscode\extensions\cl.keil-assistant-1.6.2\dist\extension.js:1:4542
    at new Promise (<anonymous>)
    at r (c:\Users\SU\.vscode\extensions\cl.keil-assistant-1.6.2\dist\extension.js:1:4287)
    at b.load (c:\Users\SU\.vscode\extensions\cl.keil-assistant-1.6.2\dist\extension.js:1:10382)
    at x.<anonymous> (c:\Users\SU\.vscode\extensions\cl.keil-assistant-1.6.2\dist\extension.js:1:8182)
    at Generator.next (<anonymous>)
    at a (c:\Users\SU\.vscode\extensions\cl.keil-assistant-1.6.2\dist\extension.js:1:4344)
    at runMicrotasks (<anonymous>)
    at processTicksAndRejections (internal/process/task_queues.js:94:5)
Log at : 2020/11/7|20:14:10|GMT+0800

TypeError: Cannot read property 'C51' of undefined
    at b.getIncString (c:\Users\SU\.vscode\extensions\cl.keil-assistant-1.6.2\dist\extension.js:1:13625)
    at b.<anonymous> (c:\Users\SU\.vscode\extensions\cl.keil-assistant-1.6.2\dist\extension.js:1:10429)
    at Generator.next (<anonymous>)
    at c:\Users\SU\.vscode\extensions\cl.keil-assistant-1.6.2\dist\extension.js:1:4542
    at new Promise (<anonymous>)
    at r (c:\Users\SU\.vscode\extensions\cl.keil-assistant-1.6.2\dist\extension.js:1:4287)
    at b.load (c:\Users\SU\.vscode\extensions\cl.keil-assistant-1.6.2\dist\extension.js:1:10382)
    at x.<anonymous> (c:\Users\SU\.vscode\extensions\cl.keil-assistant-1.6.2\dist\extension.js:1:8182)
    at Generator.next (<anonymous>)
    at a (c:\Users\SU\.vscode\extensions\cl.keil-assistant-1.6.2\dist\extension.js:1:4344)
    at processTicksAndRejections (internal/process/task_queues.js:94:5)
TypeError: Cannot read property 'C51' of undefined
    at b.getIncString (c:\Users\SU\.vscode\extensions\cl.keil-assistant-1.6.2\dist\extension.js:1:13625)
    at b.<anonymous> (c:\Users\SU\.vscode\extensions\cl.keil-assistant-1.6.2\dist\extension.js:1:10429)
    at Generator.next (<anonymous>)
    at c:\Users\SU\.vscode\extensions\cl.keil-assistant-1.6.2\dist\extension.js:1:4542
    at new Promise (<anonymous>)
    at r (c:\Users\SU\.vscode\extensions\cl.keil-assistant-1.6.2\dist\extension.js:1:4287)
    at b.load (c:\Users\SU\.vscode\extensions\cl.keil-assistant-1.6.2\dist\extension.js:1:10382)
    at x.<anonymous> (c:\Users\SU\.vscode\extensions\cl.keil-assistant-1.6.2\dist\extension.js:1:8182)
    at Generator.next (<anonymous>)
    at a (c:\Users\SU\.vscode\extensions\cl.keil-assistant-1.6.2\dist\extension.js:1:4344)
    at runMicrotasks (<anonymous>)
    at processTicksAndRejections (internal/process/task_queues.js:94:5)
TypeError: Cannot read property 'C51' of undefined
    at b.getIncString (c:\Users\SU\.vscode\extensions\cl.keil-assistant-1.6.2\dist\extension.js:1:13625)
    at b.<anonymous> (c:\Users\SU\.vscode\extensions\cl.keil-assistant-1.6.2\dist\extension.js:1:10429)
    at Generator.next (<anonymous>)
    at c:\Users\SU\.vscode\extensions\cl.keil-assistant-1.6.2\dist\extension.js:1:4542
    at new Promise (<anonymous>)
    at r (c:\Users\SU\.vscode\extensions\cl.keil-assistant-1.6.2\dist\extension.js:1:4287)
    at b.load (c:\Users\SU\.vscode\extensions\cl.keil-assistant-1.6.2\dist\extension.js:1:10382)
    at x.<anonymous> (c:\Users\SU\.vscode\extensions\cl.keil-assistant-1.6.2\dist\extension.js:1:8182)
    at Generator.next (<anonymous>)
    at a (c:\Users\SU\.vscode\extensions\cl.keil-assistant-1.6.2\dist\extension.js:1:4344)
    at runMicrotasks (<anonymous>)
    at processTicksAndRejections (internal/process/task_queues.js:94:5)
Log at : 2020/11/8|04:36:08|GMT+0800

Log at : 2020/11/8|17:45:55|GMT+0800

Log at : 2020/11/10|00:51:07|GMT+0800

[Project Close]: 405mp3
Log at : 2020/11/12|01:25:53|GMT+0800

Log at : 2020/11/12|01:26:25|GMT+0800

[Project Close]: 405mp3
Log at : 2020/11/12|12:40:16|GMT+0800

Log at : 2020/11/13|02:09:46|GMT+0800

Log at : 2020/11/16|04:18:49|GMT+0800

Log at : 2020/11/17|00:36:55|GMT+0800

Log at : 2020/11/18|04:31:55|GMT+0800

Log at : 2020/11/18|05:21:44|GMT+0800

Log at : 2020/11/18|05:29:24|GMT+0800

Log at : 2020/11/18|05:34:40|GMT+0800

Log at : 2020/11/21|07:28:56|GMT+0800

Log at : 2020/11/23|12:35:06|GMT+0800

Log at : 2020/11/23|13:22:24|GMT+0800

