*** Using Compiler 'V5.06 update 6 (build 750)', folder: 'E:\software\Keil5\ARM\ARMCC\Bin'
Build target 'f405mp3'
compiling ft6236.c...
driver\touch\CTP\ft6236.c(50): warning:  #177-D: function "ctp_ft6236_start"  was declared but never referenced
  static void ctp_ft6236_start(void)
driver\touch\CTP\ft6236.c(55): warning:  #177-D: function "ctp_ft6236_stop"  was declared but never referenced
  static void ctp_ft6236_stop (void)
driver\touch\CTP\ft6236.c(60): warning:  #177-D: function "ctp_ft6236_send_addr"  was declared but never referenced
  static void ctp_ft6236_send_addr( u8 addr )
driver\touch\CTP\ft6236.c(65): warning:  #177-D: function "ctp_ft6236_read_reg"  was declared but never referenced
  static void ctp_ft6236_read_reg( u8 reg_addr, u8 *val, u32 len )
driver\touch\CTP\ft6236.c: 4 warnings, 0 errors
compiling oled.c...
compiling iic_conf.c...
compiling cmd.c...
linking...
Program Size: Code=178216 RO-data=78120 RW-data=4520 ZI-data=77376  
FromELF: creating hex file...
".\project\obj\405mp3.axf" - 0 Error(s), 4 Warning(s).
Build Time Elapsed:  00:00:04
